Arguments: 
  C:\Program Files\nodejs\node.exe C:\Program Files (x86)\Yarn\bin\yarn.js

PATH: 
  C:\Program Files\Git\mingw64\bin;C:\Program Files\Git\usr\bin;C:\Users\Abildaev Dastan\bin;C:\Program Files (x86)\Common Files\Intel\Shared Libraries\redist\intel64\compiler;C:\ProgramData\Oracle\Java\javapath;C:\Python27;C:\Python27\Scripts;C:\Program Files (x86)\Intel\iCLS Client;C:\Program Files\Intel\iCLS Client;C:\Windows\system32;C:\Windows;C:\Windows\System32\Wbem;C:\Windows\System32\WindowsPowerShell\v1.0;C:\Program Files (x86)\Intel\Intel(R) Management Engine Components\DAL;C:\Program Files\Intel\Intel(R) Management Engine Components\DAL;C:\Program Files (x86)\Intel\Intel(R) Management Engine Components\IPT;C:\Program Files\Intel\Intel(R) Management Engine Components\IPT;C:\Program Files (x86)\NVIDIA Corporation\PhysX\Common;C:\WINDOWS\system32;C:\WINDOWS;C:\WINDOWS\System32\Wbem;C:\WINDOWS\System32\WindowsPowerShell\v1.0;C:\WINDOWS\System32\OpenSSH;C:\Program Files\Git\cmd;C:\Program Files\nodejs;C:\Program Files (x86)\Yarn\bin;C:\dart-sass;C:\Users\Abildaev Dastan\AppData\Local\Android\Sdk\platform-tools;C:\php7;C:\ProgramData\ComposerSetup\bin;C:\Users\Abildaev Dastan\AppData\Local\Microsoft\WindowsApps;C:\Users\Abildaev Dastan\AppData\Roaming\npm;C:\Users\Abildaev Dastan\AppData\Local\Yarn\bin;E:\frontend lessons\dart-sass;C:\Users\Abildaev Dastan\AppData\Local\Programs\Microsoft VS Code\bin;C:\Program Files\JetBrains\WebStorm 2019.1.3\bin;C:\Users\Abildaev Dastan\AppData\Roaming\Composer\vendor\bin

Yarn version: 
  1.15.2

Node version: 
  10.15.3

Platform: 
  win32 x64

Trace: 
  Error: Client network socket disconnected before secure TLS connection was established
      at TLSSocket.onConnectEnd (_tls_wrap.js:1088:19)
      at Object.onceWrapper (events.js:277:13)
      at TLSSocket.emit (events.js:194:15)
      at endReadableNT (_stream_readable.js:1125:12)
      at process._tickCallback (internal/process/next_tick.js:63:19)

npm manifest: 
  {
    "private": true,
    "engines": {
      "node": ">=4"
    },
    "dependencies": {
      "bootstrap": "^4.3.1",
      "jquery": "^3.4.1",
      "modernizr": "^3.7.1",
      "popper.js": "^1.15.0",
      "swiper": "^5.3.8"
    },
    "devDependencies": {
      "@babel/core": "^7.4.5",
      "@babel/preset-env": "^7.4.5",
      "autoprefixer": "^9.5.1",
      "browser-sync": "^2.26.5",
      "chai": "^4.2.0",
      "cross-env": "^5.2.0",
      "cssnano": "^4.1.10",
      "del": "^4.1.1",
      "gulp": "^4.0.2",
      "gulp-babel": "^8.0.0",
      "gulp-cli": "^2.2.0",
      "gulp-eslint": "^5.0.0",
      "gulp-filter": "^6.0.0",
      "gulp-htmlmin": "^5.0.1",
      "gulp-if": "^2.0.2",
      "gulp-imagemin": "^6.0.0",
      "gulp-load-plugins": "^1.6.0",
      "gulp-plumber": "^1.2.1",
      "gulp-postcss": "^8.0.0",
      "gulp-sass": "^4.0.2",
      "gulp-size": "^3.0.0",
      "gulp-sourcemaps": "^2.6.5",
      "gulp-uglify": "^3.0.2",
      "gulp-useref": "^3.1.6",
      "mkdirp": "^0.5.1",
      "mocha": "^6.2.3",
      "yargs": "13.2.4"
    },
    "scripts": {
      "serve:test": "cross-env NODE_ENV=test gulp serve",
      "serve:dist": "cross-env NODE_ENV=production gulp serve",
      "start": "gulp serve",
      "build": "cross-env NODE_ENV=production gulp",
      "test": "npm run serve:test",
      "tasks": "gulp --tasks"
    },
    "browserslist": [
      "> 1%",
      "last 2 versions",
      "Firefox ESR"
    ],
    "eslintConfig": {
      "parserOptions": {
        "sourceType": "module"
      },
      "env": {
        "es6": true,
        "node": true,
        "browser": true,
        "jquery": true
      },
      "rules": {
        "quotes": [
          2,
          "single"
        ]
      }
    }
  }

yarn manifest: 
  No manifest

Lockfile: 
  No lockfile
